<?xml version="1.0" encoding="UTF-8"?>
<!-- Generated by org.testng.reporters.JUnitReportReporter -->
<testsuite skipped="0" hostname="DESKTOP-LS8DMLH" name="com.mj.testcases.AddCustomerTest" tests="1" failures="0" timestamp="16 Apr 2019 17:43:46 GMT" time="14.510" errors="0">
  <testcase name="addCustomer" time="14.510" classname="com.mj.testcases.AddCustomerTest"/>
</testsuite> <!-- com.mj.testcases.AddCustomerTest -->
