<?xml version="1.0" encoding="UTF-8"?>
<!-- Generated by org.testng.reporters.JUnitReportReporter -->
<testsuite skipped="0" hostname="DESKTOP-LS8DMLH" name="com.mj.testcases.LoginTest" tests="1" failures="0" timestamp="02 Sep 2018 08:28:08 GMT" time="0.874" errors="0">
  <testcase name="loginAsBankManager" time="0.874" classname="com.mj.testcases.LoginTest"/>
</testsuite> <!-- com.mj.testcases.LoginTest -->
