<?xml version="1.0" encoding="UTF-8"?>
<!-- Generated by org.testng.reporters.JUnitReportReporter -->
<testsuite skipped="0" hostname="DESKTOP-LS8DMLH" name="com.mj.testcases.AddCustomerTest" tests="1" failures="0" timestamp="05 Sep 2018 14:54:01 GMT" time="2.037" errors="0">
  <testcase name="addCustomer" time="2.037" classname="com.mj.testcases.AddCustomerTest"/>
</testsuite> <!-- com.mj.testcases.AddCustomerTest -->
